app/build/intermediates/manifest_merge_blame_file/release/manifest-merger-blame-release-report.txt
1<?xml version="1.0" encoding="utf-8"?>
2<manifest xmlns:android="http://schemas.android.com/apk/res/android"
3    package="nu.toko.mitra"
4    android:versionCode="2"
5    android:versionName="1.1" >
6
7    <uses-sdk
8        android:minSdkVersion="24"
8-->src/main/AndroidManifest.xml
9        android:targetSdkVersion="29" />
9-->src/main/AndroidManifest.xml
10
11    <uses-permission android:name="android.permission.INTERNET" />
11-->src/main/AndroidManifest.xml:5:5-66
11-->src/main/AndroidManifest.xml:5:22-64
12    <uses-permission android:name="android.permission.ACCESS_NETWORK_STATE" />
12-->src/main/AndroidManifest.xml:6:5-78
12-->src/main/AndroidManifest.xml:6:22-76
13    <uses-permission android:name="android.permission.READ_EXTERNAL_STORAGE" />
13-->src/main/AndroidManifest.xml:7:5-79
13-->src/main/AndroidManifest.xml:7:22-77
14    <uses-permission android:name="android.permission.WRITE_EXTERNAL_STORAGE" />
14-->src/main/AndroidManifest.xml:8:5-80
14-->src/main/AndroidManifest.xml:8:22-78
15    <uses-permission android:name="android.permission.WAKE_LOCK" /> <!-- Required by older versions of Google Play services to create IID tokens -->
15-->[com.google.android.gms:play-services-measurement-api:17.2.2] AndroidManifest.xml:24:5-68
15-->[com.google.android.gms:play-services-measurement-api:17.2.2] AndroidManifest.xml:24:22-65
16    <uses-permission android:name="com.google.android.c2dm.permission.RECEIVE" />
16-->[com.google.firebase:firebase-iid:20.0.2] AndroidManifest.xml:26:5-82
16-->[com.google.firebase:firebase-iid:20.0.2] AndroidManifest.xml:26:22-79
17    <uses-permission android:name="com.google.android.finsky.permission.BIND_GET_INSTALL_REFERRER_SERVICE" />
17-->[com.google.android.gms:play-services-measurement:17.2.2] AndroidManifest.xml:26:5-110
17-->[com.google.android.gms:play-services-measurement:17.2.2] AndroidManifest.xml:26:22-107
18
19    <application
19-->src/main/AndroidManifest.xml:10:5-115:19
20        android:allowBackup="true"
20-->src/main/AndroidManifest.xml:11:9-35
21        android:appComponentFactory="androidx.core.app.CoreComponentFactory"
21-->[androidx.core:core:1.1.0] AndroidManifest.xml:24:18-86
22        android:hardwareAccelerated="false"
22-->src/main/AndroidManifest.xml:15:9-44
23        android:icon="@drawable/icon"
23-->src/main/AndroidManifest.xml:12:9-38
24        android:label="@string/app_name"
24-->src/main/AndroidManifest.xml:13:9-41
25        android:largeHeap="true"
25-->src/main/AndroidManifest.xml:16:9-33
26        android:networkSecurityConfig="@xml/network_security_config"
26-->src/main/AndroidManifest.xml:19:9-69
27        android:roundIcon="@mipmap/ic_launcher_round"
27-->src/main/AndroidManifest.xml:14:9-54
28        android:supportsRtl="true"
28-->src/main/AndroidManifest.xml:17:9-35
29        android:theme="@style/AppTheme"
29-->src/main/AndroidManifest.xml:20:9-40
30        android:usesCleartextTraffic="true" >
30-->src/main/AndroidManifest.xml:18:9-44
31        <service
31-->src/main/AndroidManifest.xml:21:9-29:19
32            android:name="nu.toko.mitra.Notifikasi.MyFirebaseMessagingService"
32-->src/main/AndroidManifest.xml:22:13-66
33            android:exported="false" >
33-->src/main/AndroidManifest.xml:23:13-37
34            <intent-filter>
34-->src/main/AndroidManifest.xml:24:13-28:29
35                <action android:name="com.google.android.c2dm.intent.RECEIVE" />
35-->src/main/AndroidManifest.xml:25:17-81
35-->src/main/AndroidManifest.xml:25:25-78
36                <action android:name="com.google.android.gms.iid.InstanceID" />
36-->src/main/AndroidManifest.xml:26:17-80
36-->src/main/AndroidManifest.xml:26:25-77
37                <action android:name="com.google.firebase.MESSAGING_EVENT" />
37-->src/main/AndroidManifest.xml:27:17-78
37-->src/main/AndroidManifest.xml:27:25-75
38            </intent-filter>
39        </service>
40
41        <activity
41-->src/main/AndroidManifest.xml:30:9-40:20
42            android:name="nu.toko.mitra.Splash"
42-->src/main/AndroidManifest.xml:31:13-35
43            android:label="@string/app_name"
43-->src/main/AndroidManifest.xml:33:13-45
44            android:screenOrientation="portrait"
44-->src/main/AndroidManifest.xml:32:13-49
45            android:theme="@style/AppTheme.NoActionBar" >
45-->src/main/AndroidManifest.xml:34:13-56
46            <intent-filter>
46-->src/main/AndroidManifest.xml:35:13-39:29
47                <action android:name="android.intent.action.MAIN" />
47-->src/main/AndroidManifest.xml:36:17-69
47-->src/main/AndroidManifest.xml:36:25-66
48                <action android:name="android.intent.action.VIEW" />
48-->src/main/AndroidManifest.xml:37:17-69
48-->src/main/AndroidManifest.xml:37:25-66
49
50                <category android:name="android.intent.category.LAUNCHER" />
50-->src/main/AndroidManifest.xml:38:17-77
50-->src/main/AndroidManifest.xml:38:27-74
51            </intent-filter>
52        </activity>
53        <activity
53-->src/main/AndroidManifest.xml:41:9-42:52
54            android:name="com.theartofdev.edmodo.cropper.CropImageActivity"
54-->src/main/AndroidManifest.xml:41:19-82
55            android:screenOrientation="portrait" />
55-->src/main/AndroidManifest.xml:42:13-49
56        <activity
56-->src/main/AndroidManifest.xml:43:9-45:58
57            android:name="nu.toko.mitra.Page.Login"
57-->src/main/AndroidManifest.xml:43:19-45
58            android:screenOrientation="portrait"
58-->src/main/AndroidManifest.xml:44:13-49
59            android:theme="@style/AppTheme.NoActionBar" />
59-->src/main/AndroidManifest.xml:45:13-56
60        <activity
60-->src/main/AndroidManifest.xml:46:9-48:58
61            android:name="nu.toko.mitra.Intro"
61-->src/main/AndroidManifest.xml:46:19-40
62            android:screenOrientation="portrait"
62-->src/main/AndroidManifest.xml:47:13-49
63            android:theme="@style/AppTheme.NoActionBar" />
63-->src/main/AndroidManifest.xml:48:13-56
64        <activity
64-->src/main/AndroidManifest.xml:49:9-51:58
65            android:name="nu.toko.mitra.MainActivity"
65-->src/main/AndroidManifest.xml:49:19-47
66            android:screenOrientation="portrait"
66-->src/main/AndroidManifest.xml:50:13-49
67            android:theme="@style/AppTheme.NoActionBar" />
67-->src/main/AndroidManifest.xml:51:13-56
68        <activity
68-->src/main/AndroidManifest.xml:52:9-54:58
69            android:name="nu.toko.mitra.Page.Details"
69-->src/main/AndroidManifest.xml:52:19-47
70            android:screenOrientation="portrait"
70-->src/main/AndroidManifest.xml:53:13-49
71            android:theme="@style/AppTheme.NoActionBar" />
71-->src/main/AndroidManifest.xml:54:13-56
72        <activity
72-->src/main/AndroidManifest.xml:55:9-57:58
73            android:name="nu.toko.mitra.Page.Categories"
73-->src/main/AndroidManifest.xml:55:19-50
74            android:screenOrientation="portrait"
74-->src/main/AndroidManifest.xml:56:13-49
75            android:theme="@style/AppTheme.NoActionBar" />
75-->src/main/AndroidManifest.xml:57:13-56
76        <activity
76-->src/main/AndroidManifest.xml:58:9-60:58
77            android:name="nu.toko.mitra.Page.CartOrder"
77-->src/main/AndroidManifest.xml:58:19-49
78            android:screenOrientation="portrait"
78-->src/main/AndroidManifest.xml:59:13-49
79            android:theme="@style/AppTheme.NoActionBar" />
79-->src/main/AndroidManifest.xml:60:13-56
80        <activity
80-->src/main/AndroidManifest.xml:61:9-63:58
81            android:name="nu.toko.mitra.Page.Checkout"
81-->src/main/AndroidManifest.xml:61:19-48
82            android:screenOrientation="portrait"
82-->src/main/AndroidManifest.xml:62:13-49
83            android:theme="@style/AppTheme.NoActionBar" />
83-->src/main/AndroidManifest.xml:63:13-56
84        <activity
84-->src/main/AndroidManifest.xml:64:9-66:58
85            android:name="nu.toko.mitra.Page.UserSetting"
85-->src/main/AndroidManifest.xml:64:19-51
86            android:screenOrientation="portrait"
86-->src/main/AndroidManifest.xml:65:13-49
87            android:theme="@style/AppTheme.NoActionBar" />
87-->src/main/AndroidManifest.xml:66:13-56
88        <activity
88-->src/main/AndroidManifest.xml:67:9-69:58
89            android:name="nu.toko.mitra.Page.DetailPayment"
89-->src/main/AndroidManifest.xml:67:19-53
90            android:screenOrientation="portrait"
90-->src/main/AndroidManifest.xml:68:13-49
91            android:theme="@style/AppTheme.NoActionBar" />
91-->src/main/AndroidManifest.xml:69:13-56
92        <activity
92-->src/main/AndroidManifest.xml:70:9-72:58
93            android:name="nu.toko.mitra.Page.PageAddress"
93-->src/main/AndroidManifest.xml:70:19-51
94            android:screenOrientation="portrait"
94-->src/main/AndroidManifest.xml:71:13-49
95            android:theme="@style/AppTheme.NoActionBar" />
95-->src/main/AndroidManifest.xml:72:13-56
96        <activity
96-->src/main/AndroidManifest.xml:73:9-75:58
97            android:name="nu.toko.mitra.Page.AddPageAddress"
97-->src/main/AndroidManifest.xml:73:19-54
98            android:screenOrientation="portrait"
98-->src/main/AndroidManifest.xml:74:13-49
99            android:theme="@style/AppTheme.NoActionBar" />
99-->src/main/AndroidManifest.xml:75:13-56
100        <activity
100-->src/main/AndroidManifest.xml:76:9-78:58
101            android:name="nu.toko.mitra.Page.PagePaymentMethod"
101-->src/main/AndroidManifest.xml:76:19-57
102            android:screenOrientation="portrait"
102-->src/main/AndroidManifest.xml:77:13-49
103            android:theme="@style/AppTheme.NoActionBar" />
103-->src/main/AndroidManifest.xml:78:13-56
104        <activity
104-->src/main/AndroidManifest.xml:79:9-81:58
105            android:name="nu.toko.mitra.Page.PagePay"
105-->src/main/AndroidManifest.xml:79:19-47
106            android:screenOrientation="portrait"
106-->src/main/AndroidManifest.xml:80:13-49
107            android:theme="@style/AppTheme.NoActionBar" />
107-->src/main/AndroidManifest.xml:81:13-56
108        <activity
108-->src/main/AndroidManifest.xml:82:9-84:58
109            android:name="nu.toko.mitra.Page.Billing"
109-->src/main/AndroidManifest.xml:82:19-47
110            android:screenOrientation="portrait"
110-->src/main/AndroidManifest.xml:83:13-49
111            android:theme="@style/AppTheme.NoActionBar" />
111-->src/main/AndroidManifest.xml:84:13-56
112        <activity
112-->src/main/AndroidManifest.xml:85:9-87:58
113            android:name="nu.toko.mitra.Page.PageOrders"
113-->src/main/AndroidManifest.xml:85:19-50
114            android:screenOrientation="portrait"
114-->src/main/AndroidManifest.xml:86:13-49
115            android:theme="@style/AppTheme.NoActionBar" />
115-->src/main/AndroidManifest.xml:87:13-56
116        <activity
116-->src/main/AndroidManifest.xml:88:9-90:58
117            android:name="nu.toko.mitra.Page.PagePencarian"
117-->src/main/AndroidManifest.xml:88:19-53
118            android:screenOrientation="portrait"
118-->src/main/AndroidManifest.xml:89:13-49
119            android:theme="@style/AppTheme.NoActionBar" />
119-->src/main/AndroidManifest.xml:90:13-56
120        <activity
120-->src/main/AndroidManifest.xml:91:9-93:58
121            android:name="nu.toko.mitra.Page.PagePhotoView"
121-->src/main/AndroidManifest.xml:91:19-53
122            android:screenOrientation="portrait"
122-->src/main/AndroidManifest.xml:92:13-49
123            android:theme="@style/AppTheme.NoActionBar" />
123-->src/main/AndroidManifest.xml:93:13-56
124        <activity
124-->src/main/AndroidManifest.xml:94:9-96:58
125            android:name="nu.toko.mitra.Page.AddProduct"
125-->src/main/AndroidManifest.xml:94:19-50
126            android:screenOrientation="portrait"
126-->src/main/AndroidManifest.xml:95:13-49
127            android:theme="@style/AppTheme.NoActionBar" />
127-->src/main/AndroidManifest.xml:96:13-56
128        <activity
128-->src/main/AndroidManifest.xml:97:9-99:58
129            android:name="nu.toko.mitra.Page.KategoriChooser"
129-->src/main/AndroidManifest.xml:97:19-55
130            android:screenOrientation="portrait"
130-->src/main/AndroidManifest.xml:98:13-49
131            android:theme="@style/AppTheme.NoActionBar" />
131-->src/main/AndroidManifest.xml:99:13-56
132        <activity
132-->src/main/AndroidManifest.xml:100:9-102:58
133            android:name="nu.toko.mitra.Page.SubKategoriChooser"
133-->src/main/AndroidManifest.xml:100:19-58
134            android:screenOrientation="portrait"
134-->src/main/AndroidManifest.xml:101:13-49
135            android:theme="@style/AppTheme.NoActionBar" />
135-->src/main/AndroidManifest.xml:102:13-56
136        <activity
136-->src/main/AndroidManifest.xml:103:9-105:58
137            android:name="nu.toko.mitra.Page.Chats"
137-->src/main/AndroidManifest.xml:103:19-45
138            android:screenOrientation="portrait"
138-->src/main/AndroidManifest.xml:104:13-49
139            android:theme="@style/AppTheme.NoActionBar" />
139-->src/main/AndroidManifest.xml:105:13-56
140        <activity
140-->src/main/AndroidManifest.xml:106:9-108:58
141            android:name="nu.toko.mitra.Page.ChatRoom"
141-->src/main/AndroidManifest.xml:106:19-48
142            android:screenOrientation="portrait"
142-->src/main/AndroidManifest.xml:107:13-49
143            android:theme="@style/AppTheme.NoActionBar" />
143-->src/main/AndroidManifest.xml:108:13-56
144        <activity
144-->src/main/AndroidManifest.xml:109:9-111:58
145            android:name="nu.toko.mitra.Page.PageProv"
145-->src/main/AndroidManifest.xml:109:19-48
146            android:screenOrientation="portrait"
146-->src/main/AndroidManifest.xml:110:13-49
147            android:theme="@style/AppTheme.NoActionBar" />
147-->src/main/AndroidManifest.xml:111:13-56
148        <activity
148-->src/main/AndroidManifest.xml:112:9-114:58
149            android:name="nu.toko.mitra.Page.PageKota"
149-->src/main/AndroidManifest.xml:112:19-48
150            android:screenOrientation="portrait"
150-->src/main/AndroidManifest.xml:113:13-49
151            android:theme="@style/AppTheme.NoActionBar" />
151-->src/main/AndroidManifest.xml:114:13-56
152        <activity
152-->[com.google.firebase:firebase-auth:19.2.0] AndroidManifest.xml:24:9-31:50
153            android:name="com.google.firebase.auth.internal.FederatedSignInActivity"
153-->[com.google.firebase:firebase-auth:19.2.0] AndroidManifest.xml:25:13-85
154            android:excludeFromRecents="true"
154-->[com.google.firebase:firebase-auth:19.2.0] AndroidManifest.xml:26:13-46
155            android:exported="true"
155-->[com.google.firebase:firebase-auth:19.2.0] AndroidManifest.xml:27:13-36
156            android:launchMode="singleTask"
156-->[com.google.firebase:firebase-auth:19.2.0] AndroidManifest.xml:28:13-44
157            android:permission="com.google.firebase.auth.api.gms.permission.LAUNCH_FEDERATED_SIGN_IN"
157-->[com.google.firebase:firebase-auth:19.2.0] AndroidManifest.xml:29:13-102
158            android:theme="@android:style/Theme.Translucent.NoTitleBar" />
158-->[com.google.firebase:firebase-auth:19.2.0] AndroidManifest.xml:30:13-72
159
160        <service
160-->[com.google.firebase:firebase-auth:19.2.0] AndroidManifest.xml:33:9-39:19
161            android:name="com.google.firebase.components.ComponentDiscoveryService"
161-->[com.google.firebase:firebase-auth:19.2.0] AndroidManifest.xml:34:13-84
162            android:directBootAware="true"
162-->[com.google.firebase:firebase-common:19.3.0] AndroidManifest.xml:34:13-43
163            android:exported="false" >
163-->[com.google.firebase:firebase-auth:19.2.0] AndroidManifest.xml:35:13-37
164            <meta-data
164-->[com.google.firebase:firebase-auth:19.2.0] AndroidManifest.xml:36:13-38:85
165                android:name="com.google.firebase.components:com.google.firebase.auth.FirebaseAuthRegistrar"
165-->[com.google.firebase:firebase-auth:19.2.0] AndroidManifest.xml:37:17-109
166                android:value="com.google.firebase.components.ComponentRegistrar" />
166-->[com.google.firebase:firebase-auth:19.2.0] AndroidManifest.xml:38:17-82
167            <meta-data
167-->[com.google.firebase:firebase-messaging:20.1.0] AndroidManifest.xml:38:13-40:85
168                android:name="com.google.firebase.components:com.google.firebase.messaging.FirebaseMessagingRegistrar"
168-->[com.google.firebase:firebase-messaging:20.1.0] AndroidManifest.xml:39:17-119
169                android:value="com.google.firebase.components.ComponentRegistrar" />
169-->[com.google.firebase:firebase-messaging:20.1.0] AndroidManifest.xml:40:17-82
170            <meta-data
170-->[com.google.firebase:firebase-database:19.2.1] AndroidManifest.xml:32:13-34:85
171                android:name="com.google.firebase.components:com.google.firebase.database.DatabaseRegistrar"
171-->[com.google.firebase:firebase-database:19.2.1] AndroidManifest.xml:33:17-109
172                android:value="com.google.firebase.components.ComponentRegistrar" />
172-->[com.google.firebase:firebase-database:19.2.1] AndroidManifest.xml:34:17-82
173            <meta-data
173-->[com.google.android.gms:play-services-measurement-api:17.2.2] AndroidManifest.xml:30:13-32:85
174                android:name="com.google.firebase.components:com.google.firebase.analytics.connector.internal.AnalyticsConnectorRegistrar"
174-->[com.google.android.gms:play-services-measurement-api:17.2.2] AndroidManifest.xml:31:17-139
175                android:value="com.google.firebase.components.ComponentRegistrar" />
175-->[com.google.android.gms:play-services-measurement-api:17.2.2] AndroidManifest.xml:32:17-82
176            <meta-data
176-->[com.google.firebase:firebase-iid:20.0.2] AndroidManifest.xml:32:13-34:85
177                android:name="com.google.firebase.components:com.google.firebase.iid.Registrar"
177-->[com.google.firebase:firebase-iid:20.0.2] AndroidManifest.xml:33:17-96
178                android:value="com.google.firebase.components.ComponentRegistrar" />
178-->[com.google.firebase:firebase-iid:20.0.2] AndroidManifest.xml:34:17-82
179            <meta-data
179-->[com.google.firebase:firebase-datatransport:17.0.3] AndroidManifest.xml:28:13-30:85
180                android:name="com.google.firebase.components:com.google.firebase.datatransport.TransportRegistrar"
180-->[com.google.firebase:firebase-datatransport:17.0.3] AndroidManifest.xml:29:17-115
181                android:value="com.google.firebase.components.ComponentRegistrar" />
181-->[com.google.firebase:firebase-datatransport:17.0.3] AndroidManifest.xml:30:17-82
182        </service>
183
184        <activity
184-->[com.google.android.gms:play-services-auth:17.0.0] AndroidManifest.xml:23:9-27:75
185            android:name="com.google.android.gms.auth.api.signin.internal.SignInHubActivity"
185-->[com.google.android.gms:play-services-auth:17.0.0] AndroidManifest.xml:24:13-93
186            android:excludeFromRecents="true"
186-->[com.google.android.gms:play-services-auth:17.0.0] AndroidManifest.xml:25:13-46
187            android:exported="false"
187-->[com.google.android.gms:play-services-auth:17.0.0] AndroidManifest.xml:26:13-37
188            android:theme="@android:style/Theme.Translucent.NoTitleBar" />
188-->[com.google.android.gms:play-services-auth:17.0.0] AndroidManifest.xml:27:13-72
189        <!--
190            Service handling Google Sign-In user revocation. For apps that do not integrate with
191            Google Sign-In, this service will never be started.
192        -->
193        <service
193-->[com.google.android.gms:play-services-auth:17.0.0] AndroidManifest.xml:33:9-36:110
194            android:name="com.google.android.gms.auth.api.signin.RevocationBoundService"
194-->[com.google.android.gms:play-services-auth:17.0.0] AndroidManifest.xml:34:13-89
195            android:exported="true"
195-->[com.google.android.gms:play-services-auth:17.0.0] AndroidManifest.xml:35:13-36
196            android:permission="com.google.android.gms.auth.api.signin.permission.REVOCATION_NOTIFICATION" />
196-->[com.google.android.gms:play-services-auth:17.0.0] AndroidManifest.xml:36:13-107
197        <!--
198             FirebaseMessagingService performs security checks at runtime,
199             but set to not exported to explicitly avoid allowing another app to call it.
200        -->
201        <service
201-->[com.google.firebase:firebase-messaging:20.1.0] AndroidManifest.xml:28:9-34:19
202            android:name="com.google.firebase.messaging.FirebaseMessagingService"
202-->[com.google.firebase:firebase-messaging:20.1.0] AndroidManifest.xml:29:13-82
203            android:exported="false" >
203-->[com.google.firebase:firebase-messaging:20.1.0] AndroidManifest.xml:30:13-37
204            <intent-filter android:priority="-500" >
204-->[com.google.firebase:firebase-messaging:20.1.0] AndroidManifest.xml:31:13-33:29
204-->[com.google.firebase:firebase-messaging:20.1.0] AndroidManifest.xml:31:28-51
205                <action android:name="com.google.firebase.MESSAGING_EVENT" />
205-->src/main/AndroidManifest.xml:27:17-78
205-->src/main/AndroidManifest.xml:27:25-75
206            </intent-filter>
207        </service>
208
209        <receiver
209-->[com.google.firebase:firebase-iid:20.0.2] AndroidManifest.xml:37:9-44:20
210            android:name="com.google.firebase.iid.FirebaseInstanceIdReceiver"
210-->[com.google.firebase:firebase-iid:20.0.2] AndroidManifest.xml:38:13-78
211            android:exported="true"
211-->[com.google.firebase:firebase-iid:20.0.2] AndroidManifest.xml:39:13-36
212            android:permission="com.google.android.c2dm.permission.SEND" >
212-->[com.google.firebase:firebase-iid:20.0.2] AndroidManifest.xml:40:13-73
213            <intent-filter>
213-->[com.google.firebase:firebase-iid:20.0.2] AndroidManifest.xml:41:13-43:29
214                <action android:name="com.google.android.c2dm.intent.RECEIVE" />
214-->src/main/AndroidManifest.xml:25:17-81
214-->src/main/AndroidManifest.xml:25:25-78
215            </intent-filter>
216        </receiver>
217
218        <activity
218-->[com.google.android.gms:play-services-base:17.1.0] AndroidManifest.xml:23:9-26:75
219            android:name="com.google.android.gms.common.api.GoogleApiActivity"
219-->[com.google.android.gms:play-services-base:17.1.0] AndroidManifest.xml:24:13-79
220            android:exported="false"
220-->[com.google.android.gms:play-services-base:17.1.0] AndroidManifest.xml:25:13-37
221            android:theme="@android:style/Theme.Translucent.NoTitleBar" />
221-->[com.google.android.gms:play-services-base:17.1.0] AndroidManifest.xml:26:13-72
222
223        <provider
223-->[com.google.firebase:firebase-common:19.3.0] AndroidManifest.xml:26:9-30:39
224            android:name="com.google.firebase.provider.FirebaseInitProvider"
224-->[com.google.firebase:firebase-common:19.3.0] AndroidManifest.xml:27:13-77
225            android:authorities="nu.toko.mitra.firebaseinitprovider"
225-->[com.google.firebase:firebase-common:19.3.0] AndroidManifest.xml:28:13-72
226            android:exported="false"
226-->[com.google.firebase:firebase-common:19.3.0] AndroidManifest.xml:29:13-37
227            android:initOrder="100" />
227-->[com.google.firebase:firebase-common:19.3.0] AndroidManifest.xml:30:13-36
228
229        <receiver
229-->[com.google.android.gms:play-services-measurement:17.2.2] AndroidManifest.xml:29:9-33:20
230            android:name="com.google.android.gms.measurement.AppMeasurementReceiver"
230-->[com.google.android.gms:play-services-measurement:17.2.2] AndroidManifest.xml:30:13-85
231            android:enabled="true"
231-->[com.google.android.gms:play-services-measurement:17.2.2] AndroidManifest.xml:31:13-35
232            android:exported="false" >
232-->[com.google.android.gms:play-services-measurement:17.2.2] AndroidManifest.xml:32:13-37
233        </receiver>
234        <receiver
234-->[com.google.android.gms:play-services-measurement:17.2.2] AndroidManifest.xml:34:9-42:20
235            android:name="com.google.android.gms.measurement.AppMeasurementInstallReferrerReceiver"
235-->[com.google.android.gms:play-services-measurement:17.2.2] AndroidManifest.xml:35:13-100
236            android:enabled="true"
236-->[com.google.android.gms:play-services-measurement:17.2.2] AndroidManifest.xml:36:13-35
237            android:exported="true"
237-->[com.google.android.gms:play-services-measurement:17.2.2] AndroidManifest.xml:37:13-36
238            android:permission="android.permission.INSTALL_PACKAGES" >
238-->[com.google.android.gms:play-services-measurement:17.2.2] AndroidManifest.xml:38:13-69
239            <intent-filter>
239-->[com.google.android.gms:play-services-measurement:17.2.2] AndroidManifest.xml:39:13-41:29
240                <action android:name="com.android.vending.INSTALL_REFERRER" />
240-->[com.google.android.gms:play-services-measurement:17.2.2] AndroidManifest.xml:40:17-79
240-->[com.google.android.gms:play-services-measurement:17.2.2] AndroidManifest.xml:40:25-76
241            </intent-filter>
242        </receiver>
243
244        <service
244-->[com.google.android.gms:play-services-measurement:17.2.2] AndroidManifest.xml:44:9-47:40
245            android:name="com.google.android.gms.measurement.AppMeasurementService"
245-->[com.google.android.gms:play-services-measurement:17.2.2] AndroidManifest.xml:45:13-84
246            android:enabled="true"
246-->[com.google.android.gms:play-services-measurement:17.2.2] AndroidManifest.xml:46:13-35
247            android:exported="false" />
247-->[com.google.android.gms:play-services-measurement:17.2.2] AndroidManifest.xml:47:13-37
248        <service
248-->[com.google.android.gms:play-services-measurement:17.2.2] AndroidManifest.xml:48:9-52:72
249            android:name="com.google.android.gms.measurement.AppMeasurementJobService"
249-->[com.google.android.gms:play-services-measurement:17.2.2] AndroidManifest.xml:49:13-87
250            android:enabled="true"
250-->[com.google.android.gms:play-services-measurement:17.2.2] AndroidManifest.xml:50:13-35
251            android:exported="false"
251-->[com.google.android.gms:play-services-measurement:17.2.2] AndroidManifest.xml:51:13-37
252            android:permission="android.permission.BIND_JOB_SERVICE" />
252-->[com.google.android.gms:play-services-measurement:17.2.2] AndroidManifest.xml:52:13-69
253
254        <meta-data
254-->[com.google.android.gms:play-services-basement:17.0.0] AndroidManifest.xml:23:9-25:69
255            android:name="com.google.android.gms.version"
255-->[com.google.android.gms:play-services-basement:17.0.0] AndroidManifest.xml:24:13-58
256            android:value="@integer/google_play_services_version" />
256-->[com.google.android.gms:play-services-basement:17.0.0] AndroidManifest.xml:25:13-66
257
258        <service
258-->[com.google.android.datatransport:transport-backend-cct:2.2.0] AndroidManifest.xml:29:9-35:19
259            android:name="com.google.android.datatransport.runtime.backends.TransportBackendDiscovery"
259-->[com.google.android.datatransport:transport-backend-cct:2.2.0] AndroidManifest.xml:30:13-103
260            android:exported="false" >
260-->[com.google.android.datatransport:transport-backend-cct:2.2.0] AndroidManifest.xml:31:13-37
261            <meta-data
261-->[com.google.android.datatransport:transport-backend-cct:2.2.0] AndroidManifest.xml:32:13-34:39
262                android:name="backend:com.google.android.datatransport.cct.CctBackendFactory"
262-->[com.google.android.datatransport:transport-backend-cct:2.2.0] AndroidManifest.xml:33:17-94
263                android:value="cct" />
263-->[com.google.android.datatransport:transport-backend-cct:2.2.0] AndroidManifest.xml:34:17-36
264        </service>
265        <service
265-->[com.google.android.datatransport:transport-runtime:2.2.0] AndroidManifest.xml:26:9-30:19
266            android:name="com.google.android.datatransport.runtime.scheduling.jobscheduling.JobInfoSchedulerService"
266-->[com.google.android.datatransport:transport-runtime:2.2.0] AndroidManifest.xml:27:13-117
267            android:exported="false"
267-->[com.google.android.datatransport:transport-runtime:2.2.0] AndroidManifest.xml:28:13-37
268            android:permission="android.permission.BIND_JOB_SERVICE" >
268-->[com.google.android.datatransport:transport-runtime:2.2.0] AndroidManifest.xml:29:13-69
269        </service>
270
271        <receiver
271-->[com.google.android.datatransport:transport-runtime:2.2.0] AndroidManifest.xml:32:9-34:40
272            android:name="com.google.android.datatransport.runtime.scheduling.jobscheduling.AlarmManagerSchedulerBroadcastReceiver"
272-->[com.google.android.datatransport:transport-runtime:2.2.0] AndroidManifest.xml:33:13-132
273            android:exported="false" />
273-->[com.google.android.datatransport:transport-runtime:2.2.0] AndroidManifest.xml:34:13-37
274    </application>
275
276</manifest>